#
# There is insufficient memory for the Java Runtime Environment to continue.
# Native memory allocation (mmap) failed to map 8388608 bytes for Failed to commit area from 0x00000000c1c00000 to 0x00000000c2400000 of length 8388608.
# Possible reasons:
#   The system is out of physical RAM or swap space
#   The process is running with CompressedOops enabled, and the Java Heap may be blocking the growth of the native heap
# Possible solutions:
#   Reduce memory load on the system
#   Increase physical memory or swap space
#   Check if swap backing store is full
#   Decrease Java heap size (-Xmx/-Xms)
#   Decrease number of Java threads
#   Decrease Java thread stack sizes (-Xss)
#   Set larger code cache with -XX:ReservedCodeCacheSize=
# This output file may be truncated or incomplete.
#
#  Out of Memory Error (t:/workspace/open/src/hotspot/os/windows/os_windows.cpp:3271), pid=6248, tid=10216
#
# JRE version:  (11.0.6+8) (build )
# Java VM: Java HotSpot(TM) 64-Bit Server VM (11.0.6+8-LTS, mixed mode, sharing, tiered, compressed oops, g1 gc, windows-amd64)
# No core dump will be written. Minidumps are not enabled by default on client versions of Windows
#

---------------  S U M M A R Y ------------

Command Line: -Dapplication.home=C:\Program Files\Java\jdk-11.0.6 --add-modules=ALL-DEFAULT -Xms8m -Djdk.module.main=jdk.compiler jdk.compiler/com.sun.tools.javac.Main -d D:\MauThietKe\ProjectNeatbeanJV\NguyenThiKimNga_59131500_BaiTapStrategyPattern\build\classes -classpath D:\MauThietKe\ProjectNeatbeanJV\NguyenThiKimNga_59131500_BaiTapStrategyPattern\build\classes -sourcepath D:\MauThietKe\ProjectNeatbeanJV\NguyenThiKimNga_59131500_BaiTapStrategyPattern\src -target 11 -encoding UTF-8 -g -processorpath D:\MauThietKe\ProjectNeatbeanJV\NguyenThiKimNga_59131500_BaiTapStrategyPattern\build\empty -s D:\MauThietKe\ProjectNeatbeanJV\NguyenThiKimNga_59131500_BaiTapStrategyPattern\build\generated-sources\ap-source-output -source 11 D:\MauThietKe\ProjectNeatbeanJV\NguyenThiKimNga_59131500_BaiTapStrategyPattern\src\BaiTap3\BaiTap3Main.java

Host: Intel(R) Core(TM) i3-3110M CPU @ 2.40GHz, 4 cores, 3G,  Windows 10 , 64 bit Build 18362 (10.0.18362.778)
Time: Fri Apr 24 23:23:52 2020 SE Asia Standard Time elapsed time: 0 seconds (0d 0h 0m 0s)

---------------  T H R E A D  ---------------

Current thread (0x0000010ac269b000):  JavaThread "Unknown thread" [_thread_in_vm, id=10216, stack(0x0000000473d00000,0x0000000473e00000)]

Stack: [0x0000000473d00000,0x0000000473e00000]
Native frames: (J=compiled Java code, j=interpreted, Vv=VM code, C=native code)
V  [jvm.dll+0x63679a]
V  [jvm.dll+0x7755bf]
V  [jvm.dll+0x776c65]
V  [jvm.dll+0x7772d3]
V  [jvm.dll+0x25e7f8]
V  [jvm.dll+0x633c4a]
V  [jvm.dll+0x628625]
V  [jvm.dll+0x314a7c]
V  [jvm.dll+0x314902]
V  [jvm.dll+0x31a176]
V  [jvm.dll+0x36650f]
V  [jvm.dll+0x365f30]
V  [jvm.dll+0x2f1a78]
V  [jvm.dll+0x2f2bf6]
V  [jvm.dll+0x74e707]
V  [jvm.dll+0x74fe7f]
V  [jvm.dll+0x373349]
V  [jvm.dll+0x734e5e]
V  [jvm.dll+0x3e2b5d]
V  [jvm.dll+0x3e4ef1]
C  [jli.dll+0x51bf]
C  [jli.dll+0x16f34]
C  [KERNEL32.DLL+0x17bd4]
C  [ntdll.dll+0x6ce51]


---------------  P R O C E S S  ---------------

Threads class SMR info:
_java_thread_list=0x0000010ac0425500, length=0, elements={
}

Java Threads: ( => current thread )

Other Threads:
  0x0000010ac26b2000 GCTaskThread "GC Thread#0" [stack: 0x0000000473e00000,0x0000000473f00000] [id=2140]
  0x0000010ac26ce800 ConcurrentGCThread "G1 Main Marker" [stack: 0x0000000473f00000,0x0000000474000000] [id=9152]
  0x0000010ac26d0800 ConcurrentGCThread "G1 Conc#0" [stack: 0x0000000474000000,0x0000000474100000] [id=8296]

[error occurred during error reporting (printing all threads), id 0xc0000005, EXCEPTION_ACCESS_VIOLATION (0xc0000005) at pc=0x00007ffc5d3a0207]

VM state:not at safepoint (not fully initialized)

VM Mutex/Monitor currently owned by a thread:  ([mutex/lock_event])
[0x0000010ac2698d90] Heap_lock - owner thread: 0x0000010ac269b000

Heap address: 0x00000000c1c00000, size: 996 MB, Compressed Oops mode: Non-zero based: 0x00000000c1c00000
Narrow klass base: 0x0000000000000000, Narrow klass shift: 0

GC Heap History (0 events):
No events

Deoptimization events (0 events):
No events

Classes redefined (0 events):
No events

Internal exceptions (0 events):
No events

Events (0 events):
No events


Dynamic libraries:
0x00007ff6f76e0000 - 0x00007ff6f76e8000 	C:\Program Files\Java\jdk-11.0.6\bin\javac.exe
0x00007ffca3140000 - 0x00007ffca3330000 	C:\Windows\SYSTEM32\ntdll.dll
0x00007ffca1260000 - 0x00007ffca1312000 	C:\Windows\System32\KERNEL32.DLL
0x00007ffca0d10000 - 0x00007ffca0fb3000 	C:\Windows\System32\KERNELBASE.dll
0x00007ffca1090000 - 0x00007ffca118a000 	C:\Windows\System32\ucrtbase.dll
0x00007ffc9aaf0000 - 0x00007ffc9ab06000 	C:\Program Files\Java\jdk-11.0.6\bin\VCRUNTIME140.dll
0x00007ffc99df0000 - 0x00007ffc99e2f000 	C:\Program Files\Java\jdk-11.0.6\bin\jli.dll
0x00007ffca2330000 - 0x00007ffca23d3000 	C:\Windows\System32\ADVAPI32.dll
0x00007ffca27d0000 - 0x00007ffca286e000 	C:\Windows\System32\msvcrt.dll
0x00007ffca1c40000 - 0x00007ffca1cd7000 	C:\Windows\System32\sechost.dll
0x00007ffca2bb0000 - 0x00007ffca2cd0000 	C:\Windows\System32\RPCRT4.dll
0x00007ffca2490000 - 0x00007ffca2624000 	C:\Windows\System32\USER32.dll
0x00007ffca1060000 - 0x00007ffca1081000 	C:\Windows\System32\win32u.dll
0x00007ffca2f40000 - 0x00007ffca2f66000 	C:\Windows\System32\GDI32.dll
0x00007ffca00d0000 - 0x00007ffca0264000 	C:\Windows\System32\gdi32full.dll
0x00007ffca03f0000 - 0x00007ffca048e000 	C:\Windows\System32\msvcp_win.dll
0x00007ffc900c0000 - 0x00007ffc90345000 	C:\Windows\WinSxS\amd64_microsoft.windows.common-controls_6595b64144ccf1df_6.0.18362.778_none_e6c6b761130d4fb8\COMCTL32.dll
0x00007ffca2870000 - 0x00007ffca2ba6000 	C:\Windows\System32\combase.dll
0x00007ffca0fc0000 - 0x00007ffca1040000 	C:\Windows\System32\bcryptPrimitives.dll
0x00007ffc93910000 - 0x00007ffc9391a000 	C:\Windows\SYSTEM32\VERSION.dll
0x00007ffca2ff0000 - 0x00007ffca301e000 	C:\Windows\System32\IMM32.DLL
0x00007ffc7f8c0000 - 0x00007ffc7f96a000 	C:\Program Files\Java\jdk-11.0.6\bin\msvcp140.dll
0x00007ffc5d0a0000 - 0x00007ffc5dbc9000 	C:\Program Files\Java\jdk-11.0.6\bin\server\jvm.dll
0x00007ffca30f0000 - 0x00007ffca30f8000 	C:\Windows\System32\PSAPI.DLL
0x00007ffc9de60000 - 0x00007ffc9de84000 	C:\Windows\SYSTEM32\WINMM.dll
0x00007ffc9d8e0000 - 0x00007ffc9d8e9000 	C:\Windows\SYSTEM32\WSOCK32.dll
0x00007ffca14e0000 - 0x00007ffca154f000 	C:\Windows\System32\WS2_32.dll
0x00007ffc9de30000 - 0x00007ffc9de5d000 	C:\Windows\SYSTEM32\WINMMBASE.dll
0x00007ffca0490000 - 0x00007ffca04da000 	C:\Windows\System32\cfgmgr32.dll
0x00007ffca00b0000 - 0x00007ffca00c1000 	C:\Windows\System32\kernel.appcore.dll
0x00007ffc99ff0000 - 0x00007ffc9a001000 	C:\Program Files\Java\jdk-11.0.6\bin\verify.dll
0x00007ffc83900000 - 0x00007ffc83af4000 	C:\Windows\SYSTEM32\DBGHELP.DLL
0x00007ffc838d0000 - 0x00007ffc838fa000 	C:\Windows\SYSTEM32\dbgcore.DLL
0x00007ffc953b0000 - 0x00007ffc953d9000 	C:\Program Files\Java\jdk-11.0.6\bin\java.dll
0x00007ffc94d70000 - 0x00007ffc94d86000 	C:\Program Files\Java\jdk-11.0.6\bin\zip.dll
0x00007ffc9bbb0000 - 0x00007ffc9bbba000 	C:\Program Files\Java\jdk-11.0.6\bin\jimage.dll

dbghelp: loaded successfully - version: 4.0.5 - missing functions: none
symbol engine: initialized successfully - sym options: 0x614 - pdb path: .;C:\Program Files\Java\jdk-11.0.6\bin;C:\Windows\SYSTEM32;C:\Windows\WinSxS\amd64_microsoft.windows.common-controls_6595b64144ccf1df_6.0.18362.778_none_e6c6b761130d4fb8;C:\Program Files\Java\jdk-11.0.6\bin\server

VM Arguments:
jvm_args: -Dapplication.home=C:\Program Files\Java\jdk-11.0.6 --add-modules=ALL-DEFAULT -Xms8m -Djdk.module.main=jdk.compiler 
java_command: jdk.compiler/com.sun.tools.javac.Main -d D:\MauThietKe\ProjectNeatbeanJV\NguyenThiKimNga_59131500_BaiTapStrategyPattern\build\classes -classpath D:\MauThietKe\ProjectNeatbeanJV\NguyenThiKimNga_59131500_BaiTapStrategyPattern\build\classes -sourcepath D:\MauThietKe\ProjectNeatbeanJV\NguyenThiKimNga_59131500_BaiTapStrategyPattern\src -target 11 -encoding UTF-8 -g -processorpath D:\MauThietKe\ProjectNeatbeanJV\NguyenThiKimNga_59131500_BaiTapStrategyPattern\build\empty -s D:\MauThietKe\ProjectNeatbeanJV\NguyenThiKimNga_59131500_BaiTapStrategyPattern\build\generated-sources\ap-source-output -source 11 D:\MauThietKe\ProjectNeatbeanJV\NguyenThiKimNga_59131500_BaiTapStrategyPattern\src\BaiTap3\BaiTap3Main.java
java_class_path (initial): <not set>
Launcher Type: SUN_STANDARD

[Global flags]
     intx CICompilerCount                          = 3                                         {product} {ergonomic}
     uint ConcGCThreads                            = 1                                         {product} {ergonomic}
     uint G1ConcRefinementThreads                  = 4                                         {product} {ergonomic}
   size_t G1HeapRegionSize                         = 1048576                                   {product} {ergonomic}
    uintx GCDrainStackTargetSize                   = 64                                        {product} {ergonomic}
   size_t InitialHeapSize                          = 8388608                                   {product} {command line}
   size_t MarkStackSize                            = 4194304                                   {product} {ergonomic}
   size_t MaxHeapSize                              = 1044381696                                {product} {ergonomic}
   size_t MinHeapDeltaBytes                        = 1048576                                   {product} {ergonomic}
    uintx NonNMethodCodeHeapSize                   = 5830732                                {pd product} {ergonomic}
    uintx NonProfiledCodeHeapSize                  = 122913754                              {pd product} {ergonomic}
    uintx ProfiledCodeHeapSize                     = 122913754                              {pd product} {ergonomic}
    uintx ReservedCodeCacheSize                    = 251658240                              {pd product} {ergonomic}
     bool SegmentedCodeCache                       = true                                      {product} {ergonomic}
     bool UseCompressedClassPointers               = true                                 {lp64_product} {ergonomic}
     bool UseCompressedOops                        = true                                 {lp64_product} {ergonomic}
     bool UseG1GC                                  = true                                      {product} {ergonomic}
     bool UseLargePagesIndividualAllocation        = false                                  {pd product} {ergonomic}

Logging:
Log output configuration:
 #0: stdout all=warning uptime,level,tags
 #1: stderr all=off uptime,level,tags

Environment Variables:
PATH=C:\Windows\system32;C:\Windows;C:\Windows\System32\Wbem;C:\Windows\System32\WindowsPowerShell\v1.0\;C:\Windows\System32\OpenSSH\;C:\Program Files (x86)\Microsoft SQL Server\150\DTS\Binn\;C:\Program Files\Microsoft SQL Server\Client SDK\ODBC\130\Tools\Binn\;C:\Program Files (x86)\Microsoft SQL Server\140\Tools\Binn\;C:\Program Files\Microsoft SQL Server\140\Tools\Binn\;C:\Program Files\Microsoft SQL Server\140\DTS\Binn\;C:\Program Files\Git\cmd;C:\Windows\system32\config\systemprofile\.dnx\bin;C:\Program Files\Microsoft DNX\Dnvm\;C:\Program Files\Microsoft SQL Server\130\Tools\Binn\;C:\Users\nga\AppData\Local\Microsoft\WindowsApps
USERNAME=nga
OS=Windows_NT
PROCESSOR_IDENTIFIER=Intel64 Family 6 Model 58 Stepping 9, GenuineIntel



---------------  S Y S T E M  ---------------

OS: Windows 10 , 64 bit Build 18362 (10.0.18362.778)

CPU:total 4 (initial active 4) (2 cores per cpu, 2 threads per core) family 6 model 58 stepping 9, cmov, cx8, fxsr, mmx, sse, sse2, sse3, ssse3, sse4.1, sse4.2, popcnt, avx, clmul, erms, ht, tsc, tscinvbit, tscinv

Memory: 4k page, system-wide physical 3981M (447M free)
TotalPageFile size 5005M (AvailPageFile size 8M)
current process WorkingSet (physical memory assigned to process): 9M, peak: 9M
current process commit charge ("private bytes"): 51M, peak: 59M

vm_info: Java HotSpot(TM) 64-Bit Server VM (11.0.6+8-LTS) for windows-amd64 JRE (11.0.6+8-LTS), built on Dec 11 2019 09:17:57 by "mach5one" with MS VC++ 15.5 (VS2017)

END.
